d:\project\mecheye_openinterface\build\mecheye_openinterface.dir\debug\vc142.pdb
d:\project\mecheye_openinterface\build\mecheye_openinterface.dir\debug\image.pb.obj
d:\project\mecheye_openinterface\build\mecheye_openinterface.dir\debug\camerastatus.pb.obj
d:\project\mecheye_openinterface\build\mecheye_openinterface.dir\debug\zmqclient.obj
d:\project\mecheye_openinterface\build\mecheye_openinterface.dir\debug\pointcloudtools.obj
d:\project\mecheye_openinterface\build\mecheye_openinterface.dir\debug\cameraclient.obj
d:\project\mecheye_openinterface\build\mecheye_openinterface.dir\debug\main.obj
d:\project\mecheye_openinterface\build\mecheye_openinterface.dir\debug\getcloud.obj
d:\project\mecheye_openinterface\build\mecheye_openinterface.dir\debug\get3d.obj
d:\project\mecheye_openinterface\build\mecheye_openinterface.dir\debug\get2d.obj
d:\project\mecheye_openinterface\build\mecheye_openinterface.dir\debug\chang2dexp.obj
d:\project\mecheye_openinterface\build\mecheye_openinterface.dir\debug\change3dexp.obj
d:\project\mecheye_openinterface\build\cmakefiles\generate.stamp
d:\project\mecheye_openinterface\build\debug\mecheye_openinterface.ilk
d:\project\mecheye_openinterface\build\debug\mecheye_openinterface.exe
d:\project\mecheye_openinterface\build\debug\mecheye_openinterface.pdb
d:\project\mecheye_openinterface\build\mecheye_openinterface.dir\debug\mecheye_.a92135f9.tlog\cl.command.1.tlog
d:\project\mecheye_openinterface\build\mecheye_openinterface.dir\debug\mecheye_.a92135f9.tlog\cl.read.1.tlog
d:\project\mecheye_openinterface\build\mecheye_openinterface.dir\debug\mecheye_.a92135f9.tlog\cl.write.1.tlog
d:\project\mecheye_openinterface\build\mecheye_openinterface.dir\debug\mecheye_.a92135f9.tlog\custombuild.command.1.tlog
d:\project\mecheye_openinterface\build\mecheye_openinterface.dir\debug\mecheye_.a92135f9.tlog\custombuild.read.1.tlog
d:\project\mecheye_openinterface\build\mecheye_openinterface.dir\debug\mecheye_.a92135f9.tlog\custombuild.write.1.tlog
d:\project\mecheye_openinterface\build\mecheye_openinterface.dir\debug\mecheye_.a92135f9.tlog\link.command.1.tlog
d:\project\mecheye_openinterface\build\mecheye_openinterface.dir\debug\mecheye_.a92135f9.tlog\link.read.1.tlog
d:\project\mecheye_openinterface\build\mecheye_openinterface.dir\debug\mecheye_.a92135f9.tlog\link.write.1.tlog
