  change3DExp.cpp
D:\dependencies for MechEye_OpenInterface\include\eigen3\Eigen\src/Core/arch/CUDA/Half.h(1,1): warning C4819: 该文件包含不能在当前代码页(936)中表示的字符。请将该文件保存为 Unicode 格式以防止数据丢失
  Unknown compiler version - please run the configure tests and report the results
D:\dependencies for MechEye_OpenInterface\include\pcl/point_traits.h(1,1): warning C4819: 该文件包含不能在当前代码页(936)中表示的字符。请将该文件保存为 Unicode 格式以防止数据丢失
D:\dependencies for MechEye_OpenInterface\include\opencv2/core/mat.hpp(1965,1): warning C4819: 该文件包含不能在当前代码页(936)中表示的字符。请将该文件保存为 Unicode 格式以防止数据丢失
D:\dependencies for MechEye_OpenInterface\include\opencv2/core/persistence.hpp(1,1): warning C4819: 该文件包含不能在当前代码页(936)中表示的字符。请将该文件保存为 Unicode 格式以防止数据丢失
D:\dependencies for MechEye_OpenInterface\include\opencv2/core/utility.hpp(1,1): warning C4819: 该文件包含不能在当前代码页(936)中表示的字符。请将该文件保存为 Unicode 格式以防止数据丢失
D:\dependencies for MechEye_OpenInterface\include\opencv2/core/utility.hpp(1,1): warning C4819: 该文件包含不能在当前代码页(936)中表示的字符。请将该文件保存为 Unicode 格式以防止数据丢失
  chang2DExp.cpp
D:\dependencies for MechEye_OpenInterface\include\eigen3\Eigen\src/Core/arch/CUDA/Half.h(1,1): warning C4819: 该文件包含不能在当前代码页(936)中表示的字符。请将该文件保存为 Unicode 格式以防止数据丢失
  Unknown compiler version - please run the configure tests and report the results
D:\dependencies for MechEye_OpenInterface\include\pcl/point_traits.h(1,1): warning C4819: 该文件包含不能在当前代码页(936)中表示的字符。请将该文件保存为 Unicode 格式以防止数据丢失
D:\dependencies for MechEye_OpenInterface\include\opencv2/core/mat.hpp(1965,1): warning C4819: 该文件包含不能在当前代码页(936)中表示的字符。请将该文件保存为 Unicode 格式以防止数据丢失
D:\dependencies for MechEye_OpenInterface\include\opencv2/core/persistence.hpp(1,1): warning C4819: 该文件包含不能在当前代码页(936)中表示的字符。请将该文件保存为 Unicode 格式以防止数据丢失
D:\dependencies for MechEye_OpenInterface\include\opencv2/core/utility.hpp(1,1): warning C4819: 该文件包含不能在当前代码页(936)中表示的字符。请将该文件保存为 Unicode 格式以防止数据丢失
D:\dependencies for MechEye_OpenInterface\include\opencv2/core/utility.hpp(1,1): warning C4819: 该文件包含不能在当前代码页(936)中表示的字符。请将该文件保存为 Unicode 格式以防止数据丢失
  get2D.cpp
D:\dependencies for MechEye_OpenInterface\include\eigen3\Eigen\src/Core/arch/CUDA/Half.h(1,1): warning C4819: 该文件包含不能在当前代码页(936)中表示的字符。请将该文件保存为 Unicode 格式以防止数据丢失
  Unknown compiler version - please run the configure tests and report the results
D:\dependencies for MechEye_OpenInterface\include\pcl/point_traits.h(1,1): warning C4819: 该文件包含不能在当前代码页(936)中表示的字符。请将该文件保存为 Unicode 格式以防止数据丢失
D:\dependencies for MechEye_OpenInterface\include\opencv2/core/mat.hpp(1965,1): warning C4819: 该文件包含不能在当前代码页(936)中表示的字符。请将该文件保存为 Unicode 格式以防止数据丢失
D:\dependencies for MechEye_OpenInterface\include\opencv2/core/persistence.hpp(1,1): warning C4819: 该文件包含不能在当前代码页(936)中表示的字符。请将该文件保存为 Unicode 格式以防止数据丢失
D:\dependencies for MechEye_OpenInterface\include\opencv2/core/utility.hpp(1,1): warning C4819: 该文件包含不能在当前代码页(936)中表示的字符。请将该文件保存为 Unicode 格式以防止数据丢失
D:\dependencies for MechEye_OpenInterface\include\opencv2/core/utility.hpp(1,1): warning C4819: 该文件包含不能在当前代码页(936)中表示的字符。请将该文件保存为 Unicode 格式以防止数据丢失
  get3D.cpp
D:\dependencies for MechEye_OpenInterface\include\eigen3\Eigen\src/Core/arch/CUDA/Half.h(1,1): warning C4819: 该文件包含不能在当前代码页(936)中表示的字符。请将该文件保存为 Unicode 格式以防止数据丢失
  Unknown compiler version - please run the configure tests and report the results
D:\dependencies for MechEye_OpenInterface\include\pcl/point_traits.h(1,1): warning C4819: 该文件包含不能在当前代码页(936)中表示的字符。请将该文件保存为 Unicode 格式以防止数据丢失
D:\dependencies for MechEye_OpenInterface\include\opencv2/core/mat.hpp(1965,1): warning C4819: 该文件包含不能在当前代码页(936)中表示的字符。请将该文件保存为 Unicode 格式以防止数据丢失
D:\dependencies for MechEye_OpenInterface\include\opencv2/core/persistence.hpp(1,1): warning C4819: 该文件包含不能在当前代码页(936)中表示的字符。请将该文件保存为 Unicode 格式以防止数据丢失
D:\dependencies for MechEye_OpenInterface\include\opencv2/core/utility.hpp(1,1): warning C4819: 该文件包含不能在当前代码页(936)中表示的字符。请将该文件保存为 Unicode 格式以防止数据丢失
D:\dependencies for MechEye_OpenInterface\include\opencv2/core/utility.hpp(1,1): warning C4819: 该文件包含不能在当前代码页(936)中表示的字符。请将该文件保存为 Unicode 格式以防止数据丢失
  getCloud.cpp
D:\dependencies for MechEye_OpenInterface\include\eigen3\Eigen\src/Core/arch/CUDA/Half.h(1,1): warning C4819: 该文件包含不能在当前代码页(936)中表示的字符。请将该文件保存为 Unicode 格式以防止数据丢失
  Unknown compiler version - please run the configure tests and report the results
D:\dependencies for MechEye_OpenInterface\include\pcl/point_traits.h(1,1): warning C4819: 该文件包含不能在当前代码页(936)中表示的字符。请将该文件保存为 Unicode 格式以防止数据丢失
D:\dependencies for MechEye_OpenInterface\include\opencv2/core/mat.hpp(1965,1): warning C4819: 该文件包含不能在当前代码页(936)中表示的字符。请将该文件保存为 Unicode 格式以防止数据丢失
D:\dependencies for MechEye_OpenInterface\include\opencv2/core/persistence.hpp(1,1): warning C4819: 该文件包含不能在当前代码页(936)中表示的字符。请将该文件保存为 Unicode 格式以防止数据丢失
D:\dependencies for MechEye_OpenInterface\include\opencv2/core/utility.hpp(1,1): warning C4819: 该文件包含不能在当前代码页(936)中表示的字符。请将该文件保存为 Unicode 格式以防止数据丢失
D:\dependencies for MechEye_OpenInterface\include\opencv2/core/utility.hpp(1,1): warning C4819: 该文件包含不能在当前代码页(936)中表示的字符。请将该文件保存为 Unicode 格式以防止数据丢失
  main.cpp
D:\dependencies for MechEye_OpenInterface\include\eigen3\Eigen\src/Core/arch/CUDA/Half.h(1,1): warning C4819: 该文件包含不能在当前代码页(936)中表示的字符。请将该文件保存为 Unicode 格式以防止数据丢失
  Unknown compiler version - please run the configure tests and report the results
D:\dependencies for MechEye_OpenInterface\include\pcl/point_traits.h(1,1): warning C4819: 该文件包含不能在当前代码页(936)中表示的字符。请将该文件保存为 Unicode 格式以防止数据丢失
D:\dependencies for MechEye_OpenInterface\include\opencv2/core/mat.hpp(1965,1): warning C4819: 该文件包含不能在当前代码页(936)中表示的字符。请将该文件保存为 Unicode 格式以防止数据丢失
D:\dependencies for MechEye_OpenInterface\include\opencv2/core/persistence.hpp(1,1): warning C4819: 该文件包含不能在当前代码页(936)中表示的字符。请将该文件保存为 Unicode 格式以防止数据丢失
D:\dependencies for MechEye_OpenInterface\include\opencv2/core/utility.hpp(1,1): warning C4819: 该文件包含不能在当前代码页(936)中表示的字符。请将该文件保存为 Unicode 格式以防止数据丢失
D:\dependencies for MechEye_OpenInterface\include\opencv2/core/utility.hpp(1,1): warning C4819: 该文件包含不能在当前代码页(936)中表示的字符。请将该文件保存为 Unicode 格式以防止数据丢失
  CameraClient.cpp
D:\dependencies for MechEye_OpenInterface\include\eigen3\Eigen\src/Core/arch/CUDA/Half.h(1,1): warning C4819: 该文件包含不能在当前代码页(936)中表示的字符。请将该文件保存为 Unicode 格式以防止数据丢失
  Unknown compiler version - please run the configure tests and report the results
D:\dependencies for MechEye_OpenInterface\include\pcl/point_traits.h(1,1): warning C4819: 该文件包含不能在当前代码页(936)中表示的字符。请将该文件保存为 Unicode 格式以防止数据丢失
D:\dependencies for MechEye_OpenInterface\include\opencv2/core/mat.hpp(1965,1): warning C4819: 该文件包含不能在当前代码页(936)中表示的字符。请将该文件保存为 Unicode 格式以防止数据丢失
D:\dependencies for MechEye_OpenInterface\include\opencv2/core/persistence.hpp(1,1): warning C4819: 该文件包含不能在当前代码页(936)中表示的字符。请将该文件保存为 Unicode 格式以防止数据丢失
D:\dependencies for MechEye_OpenInterface\include\opencv2/core/utility.hpp(1,1): warning C4819: 该文件包含不能在当前代码页(936)中表示的字符。请将该文件保存为 Unicode 格式以防止数据丢失
D:\dependencies for MechEye_OpenInterface\include\opencv2/core/utility.hpp(1,1): warning C4819: 该文件包含不能在当前代码页(936)中表示的字符。请将该文件保存为 Unicode 格式以防止数据丢失
  PointCloudTools.cpp
D:\dependencies for MechEye_OpenInterface\include\eigen3\Eigen\src/Core/arch/CUDA/Half.h(1,1): warning C4819: 该文件包含不能在当前代码页(936)中表示的字符。请将该文件保存为 Unicode 格式以防止数据丢失
  Unknown compiler version - please run the configure tests and report the results
D:\dependencies for MechEye_OpenInterface\include\pcl/point_traits.h(1,1): warning C4819: 该文件包含不能在当前代码页(936)中表示的字符。请将该文件保存为 Unicode 格式以防止数据丢失
D:\dependencies for MechEye_OpenInterface\include\opencv2/core/mat.hpp(1965,1): warning C4819: 该文件包含不能在当前代码页(936)中表示的字符。请将该文件保存为 Unicode 格式以防止数据丢失
D:\dependencies for MechEye_OpenInterface\include\boost/iostreams/positioning.hpp(96,15): warning C4996: 'std::fpos<_Mbstatet>::seekpos': warning STL4019: The member std::fpos::seekpos() is non-Standard, and is preserved only for compatibility with workarounds for old versions of Visual C++. It will be removed in a future release, and in this release always returns 0. Please use standards-conforming mechanisms to manipulate fpos, such as conversions to and from streamoff, or an integral type, instead. If you are receiving this message while compiling Boost.IOStreams, a fix has been submitted upstream to make Boost use standards-conforming mechanisms, as it does for other compilers. You can define _SILENCE_FPOS_SEEKPOS_DEPRECATION_WARNING to acknowledge that you have received this warning, or define _REMOVE_FPOS_SEEKPOS to remove std::fpos::seekpos entirely.
D:\dependencies for MechEye_OpenInterface\include\opencv2/core/persistence.hpp(1,1): warning C4819: 该文件包含不能在当前代码页(936)中表示的字符。请将该文件保存为 Unicode 格式以防止数据丢失
D:\dependencies for MechEye_OpenInterface\include\opencv2/core/utility.hpp(1,1): warning C4819: 该文件包含不能在当前代码页(936)中表示的字符。请将该文件保存为 Unicode 格式以防止数据丢失
D:\dependencies for MechEye_OpenInterface\include\opencv2/core/utility.hpp(1,1): warning C4819: 该文件包含不能在当前代码页(936)中表示的字符。请将该文件保存为 Unicode 格式以防止数据丢失
  ZmqClient.cpp
  cameraStatus.pb.cc
  image.pb.cc
  正在生成代码...
libprotobufd.lib(common.obj) : warning LNK4099: 未找到 PDB“libprotobuf.pdb”(使用“libprotobufd.lib(common.obj)”或在“D:\project\MechEye_OpenInterface\build\Debug\libprotobuf.pdb”中寻找)；正在链接对象，如同没有调试信息一样
libprotobufd.lib(message_lite.obj) : warning LNK4099: 未找到 PDB“libprotobuf.pdb”(使用“libprotobufd.lib(message_lite.obj)”或在“D:\project\MechEye_OpenInterface\build\Debug\libprotobuf.pdb”中寻找)；正在链接对象，如同没有调试信息一样
libprotobufd.lib(generated_message_util.obj) : warning LNK4099: 未找到 PDB“libprotobuf.pdb”(使用“libprotobufd.lib(generated_message_util.obj)”或在“D:\project\MechEye_OpenInterface\build\Debug\libprotobuf.pdb”中寻找)；正在链接对象，如同没有调试信息一样
libprotobufd.lib(coded_stream.obj) : warning LNK4099: 未找到 PDB“libprotobuf.pdb”(使用“libprotobufd.lib(coded_stream.obj)”或在“D:\project\MechEye_OpenInterface\build\Debug\libprotobuf.pdb”中寻找)；正在链接对象，如同没有调试信息一样
libprotobufd.lib(arena.obj) : warning LNK4099: 未找到 PDB“libprotobuf.pdb”(使用“libprotobufd.lib(arena.obj)”或在“D:\project\MechEye_OpenInterface\build\Debug\libprotobuf.pdb”中寻找)；正在链接对象，如同没有调试信息一样
libprotobufd.lib(repeated_field.obj) : warning LNK4099: 未找到 PDB“libprotobuf.pdb”(使用“libprotobufd.lib(repeated_field.obj)”或在“D:\project\MechEye_OpenInterface\build\Debug\libprotobuf.pdb”中寻找)；正在链接对象，如同没有调试信息一样
libprotobufd.lib(wire_format_lite.obj) : warning LNK4099: 未找到 PDB“libprotobuf.pdb”(使用“libprotobufd.lib(wire_format_lite.obj)”或在“D:\project\MechEye_OpenInterface\build\Debug\libprotobuf.pdb”中寻找)；正在链接对象，如同没有调试信息一样
libprotobufd.lib(unknown_field_set.obj) : warning LNK4099: 未找到 PDB“libprotobuf.pdb”(使用“libprotobufd.lib(unknown_field_set.obj)”或在“D:\project\MechEye_OpenInterface\build\Debug\libprotobuf.pdb”中寻找)；正在链接对象，如同没有调试信息一样
libprotobufd.lib(descriptor.obj) : warning LNK4099: 未找到 PDB“libprotobuf.pdb”(使用“libprotobufd.lib(descriptor.obj)”或在“D:\project\MechEye_OpenInterface\build\Debug\libprotobuf.pdb”中寻找)；正在链接对象，如同没有调试信息一样
libprotobufd.lib(message.obj) : warning LNK4099: 未找到 PDB“libprotobuf.pdb”(使用“libprotobufd.lib(message.obj)”或在“D:\project\MechEye_OpenInterface\build\Debug\libprotobuf.pdb”中寻找)；正在链接对象，如同没有调试信息一样
libprotobufd.lib(generated_message_reflection.obj) : warning LNK4099: 未找到 PDB“libprotobuf.pdb”(使用“libprotobufd.lib(generated_message_reflection.obj)”或在“D:\project\MechEye_OpenInterface\build\Debug\libprotobuf.pdb”中寻找)；正在链接对象，如同没有调试信息一样
libprotobufd.lib(reflection_ops.obj) : warning LNK4099: 未找到 PDB“libprotobuf.pdb”(使用“libprotobufd.lib(reflection_ops.obj)”或在“D:\project\MechEye_OpenInterface\build\Debug\libprotobuf.pdb”中寻找)；正在链接对象，如同没有调试信息一样
libprotobufd.lib(wire_format.obj) : warning LNK4099: 未找到 PDB“libprotobuf.pdb”(使用“libprotobufd.lib(wire_format.obj)”或在“D:\project\MechEye_OpenInterface\build\Debug\libprotobuf.pdb”中寻找)；正在链接对象，如同没有调试信息一样
libprotobufd.lib(status.obj) : warning LNK4099: 未找到 PDB“libprotobuf.pdb”(使用“libprotobufd.lib(status.obj)”或在“D:\project\MechEye_OpenInterface\build\Debug\libprotobuf.pdb”中寻找)；正在链接对象，如同没有调试信息一样
libprotobufd.lib(int128.obj) : warning LNK4099: 未找到 PDB“libprotobuf.pdb”(使用“libprotobufd.lib(int128.obj)”或在“D:\project\MechEye_OpenInterface\build\Debug\libprotobuf.pdb”中寻找)；正在链接对象，如同没有调试信息一样
libprotobufd.lib(zero_copy_stream.obj) : warning LNK4099: 未找到 PDB“libprotobuf.pdb”(使用“libprotobufd.lib(zero_copy_stream.obj)”或在“D:\project\MechEye_OpenInterface\build\Debug\libprotobuf.pdb”中寻找)；正在链接对象，如同没有调试信息一样
libprotobufd.lib(zero_copy_stream_impl_lite.obj) : warning LNK4099: 未找到 PDB“libprotobuf.pdb”(使用“libprotobufd.lib(zero_copy_stream_impl_lite.obj)”或在“D:\project\MechEye_OpenInterface\build\Debug\libprotobuf.pdb”中寻找)；正在链接对象，如同没有调试信息一样
libprotobufd.lib(extension_set.obj) : warning LNK4099: 未找到 PDB“libprotobuf.pdb”(使用“libprotobufd.lib(extension_set.obj)”或在“D:\project\MechEye_OpenInterface\build\Debug\libprotobuf.pdb”中寻找)；正在链接对象，如同没有调试信息一样
libprotobufd.lib(implicit_weak_message.obj) : warning LNK4099: 未找到 PDB“libprotobuf.pdb”(使用“libprotobufd.lib(implicit_weak_message.obj)”或在“D:\project\MechEye_OpenInterface\build\Debug\libprotobuf.pdb”中寻找)；正在链接对象，如同没有调试信息一样
libprotobufd.lib(structurally_valid.obj) : warning LNK4099: 未找到 PDB“libprotobuf.pdb”(使用“libprotobufd.lib(structurally_valid.obj)”或在“D:\project\MechEye_OpenInterface\build\Debug\libprotobuf.pdb”中寻找)；正在链接对象，如同没有调试信息一样
libprotobufd.lib(stringprintf.obj) : warning LNK4099: 未找到 PDB“libprotobuf.pdb”(使用“libprotobufd.lib(stringprintf.obj)”或在“D:\project\MechEye_OpenInterface\build\Debug\libprotobuf.pdb”中寻找)；正在链接对象，如同没有调试信息一样
libprotobufd.lib(stringpiece.obj) : warning LNK4099: 未找到 PDB“libprotobuf.pdb”(使用“libprotobufd.lib(stringpiece.obj)”或在“D:\project\MechEye_OpenInterface\build\Debug\libprotobuf.pdb”中寻找)；正在链接对象，如同没有调试信息一样
libprotobufd.lib(strutil.obj) : warning LNK4099: 未找到 PDB“libprotobuf.pdb”(使用“libprotobufd.lib(strutil.obj)”或在“D:\project\MechEye_OpenInterface\build\Debug\libprotobuf.pdb”中寻找)；正在链接对象，如同没有调试信息一样
libprotobufd.lib(descriptor.pb.obj) : warning LNK4099: 未找到 PDB“libprotobuf.pdb”(使用“libprotobufd.lib(descriptor.pb.obj)”或在“D:\project\MechEye_OpenInterface\build\Debug\libprotobuf.pdb”中寻找)；正在链接对象，如同没有调试信息一样
libprotobufd.lib(strtod.obj) : warning LNK4099: 未找到 PDB“libprotobuf.pdb”(使用“libprotobufd.lib(strtod.obj)”或在“D:\project\MechEye_OpenInterface\build\Debug\libprotobuf.pdb”中寻找)；正在链接对象，如同没有调试信息一样
libprotobufd.lib(tokenizer.obj) : warning LNK4099: 未找到 PDB“libprotobuf.pdb”(使用“libprotobufd.lib(tokenizer.obj)”或在“D:\project\MechEye_OpenInterface\build\Debug\libprotobuf.pdb”中寻找)；正在链接对象，如同没有调试信息一样
libprotobufd.lib(descriptor_database.obj) : warning LNK4099: 未找到 PDB“libprotobuf.pdb”(使用“libprotobufd.lib(descriptor_database.obj)”或在“D:\project\MechEye_OpenInterface\build\Debug\libprotobuf.pdb”中寻找)；正在链接对象，如同没有调试信息一样
libprotobufd.lib(dynamic_message.obj) : warning LNK4099: 未找到 PDB“libprotobuf.pdb”(使用“libprotobufd.lib(dynamic_message.obj)”或在“D:\project\MechEye_OpenInterface\build\Debug\libprotobuf.pdb”中寻找)；正在链接对象，如同没有调试信息一样
libprotobufd.lib(text_format.obj) : warning LNK4099: 未找到 PDB“libprotobuf.pdb”(使用“libprotobufd.lib(text_format.obj)”或在“D:\project\MechEye_OpenInterface\build\Debug\libprotobuf.pdb”中寻找)；正在链接对象，如同没有调试信息一样
libprotobufd.lib(substitute.obj) : warning LNK4099: 未找到 PDB“libprotobuf.pdb”(使用“libprotobufd.lib(substitute.obj)”或在“D:\project\MechEye_OpenInterface\build\Debug\libprotobuf.pdb”中寻找)；正在链接对象，如同没有调试信息一样
libprotobufd.lib(map_field.obj) : warning LNK4099: 未找到 PDB“libprotobuf.pdb”(使用“libprotobufd.lib(map_field.obj)”或在“D:\project\MechEye_OpenInterface\build\Debug\libprotobuf.pdb”中寻找)；正在链接对象，如同没有调试信息一样
libprotobufd.lib(zero_copy_stream_impl.obj) : warning LNK4099: 未找到 PDB“libprotobuf.pdb”(使用“libprotobufd.lib(zero_copy_stream_impl.obj)”或在“D:\project\MechEye_OpenInterface\build\Debug\libprotobuf.pdb”中寻找)；正在链接对象，如同没有调试信息一样
libprotobufd.lib(extension_set_heavy.obj) : warning LNK4099: 未找到 PDB“libprotobuf.pdb”(使用“libprotobufd.lib(extension_set_heavy.obj)”或在“D:\project\MechEye_OpenInterface\build\Debug\libprotobuf.pdb”中寻找)；正在链接对象，如同没有调试信息一样
libprotobufd.lib(any.obj) : warning LNK4099: 未找到 PDB“libprotobuf.pdb”(使用“libprotobufd.lib(any.obj)”或在“D:\project\MechEye_OpenInterface\build\Debug\libprotobuf.pdb”中寻找)；正在链接对象，如同没有调试信息一样
libprotobufd.lib(io_win32.obj) : warning LNK4099: 未找到 PDB“libprotobuf.pdb”(使用“libprotobufd.lib(io_win32.obj)”或在“D:\project\MechEye_OpenInterface\build\Debug\libprotobuf.pdb”中寻找)；正在链接对象，如同没有调试信息一样
  MechEye_OpenInterface.vcxproj -> D:\project\MechEye_OpenInterface\build\Debug\MechEye_OpenInterface.exe
